[ 2016-10-12T23:49:07+08:00 ] ::1 /sjswaimai/index.php/Home/User/address.html
INFO: [ app_init ] --START--
INFO: Run Behavior\BuildLiteBehavior [ RunTime:0.000010s ]
INFO: [ app_init ] --END-- [ RunTime:0.000229s ]
INFO: [ app_begin ] --START--
INFO: Run Behavior\ReadHtmlCacheBehavior [ RunTime:0.000261s ]
INFO: [ app_begin ] --END-- [ RunTime:0.000290s ]

[ 2016-10-12T23:49:37+08:00 ] ::1 /sjswaimai/index.php/Home/User/order.html
INFO: [ app_init ] --START--
INFO: Run Behavior\BuildLiteBehavior [ RunTime:0.000009s ]
INFO: [ app_init ] --END-- [ RunTime:0.000252s ]
INFO: [ app_begin ] --START--
INFO: Run Behavior\ReadHtmlCacheBehavior [ RunTime:0.000261s ]
INFO: [ app_begin ] --END-- [ RunTime:0.000290s ]

[ 2016-10-12T23:50:33+08:00 ] ::1 /sjswaimai/index.php/Home/User/order.html
INFO: [ app_init ] --START--
INFO: Run Behavior\BuildLiteBehavior [ RunTime:0.000009s ]
INFO: [ app_init ] --END-- [ RunTime:0.000209s ]
INFO: [ app_begin ] --START--
INFO: Run Behavior\ReadHtmlCacheBehavior [ RunTime:0.000260s ]
INFO: [ app_begin ] --END-- [ RunTime:0.000289s ]

[ 2016-10-12T23:50:35+08:00 ] ::1 /sjswaimai/index.php/Home/User/order.html
INFO: [ app_init ] --START--
INFO: Run Behavior\BuildLiteBehavior [ RunTime:0.000010s ]
INFO: [ app_init ] --END-- [ RunTime:0.000204s ]
INFO: [ app_begin ] --START--
INFO: Run Behavior\ReadHtmlCacheBehavior [ RunTime:0.000257s ]
INFO: [ app_begin ] --END-- [ RunTime:0.000286s ]

[ 2016-10-12T23:50:56+08:00 ] ::1 /sjswaimai/index.php/Home/User/order.html
INFO: [ app_init ] --START--
INFO: Run Behavior\BuildLiteBehavior [ RunTime:0.000018s ]
INFO: [ app_init ] --END-- [ RunTime:0.000353s ]
INFO: [ app_begin ] --START--
INFO: Run Behavior\ReadHtmlCacheBehavior [ RunTime:0.000613s ]
INFO: [ app_begin ] --END-- [ RunTime:0.000693s ]

[ 2016-10-12T23:52:14+08:00 ] ::1 /sjswaimai/index.php/Home/User/order.html
INFO: [ app_init ] --START--
INFO: Run Behavior\BuildLiteBehavior [ RunTime:0.000019s ]
INFO: [ app_init ] --END-- [ RunTime:0.000219s ]
INFO: [ app_begin ] --START--
INFO: Run Behavior\ReadHtmlCacheBehavior [ RunTime:0.000378s ]
INFO: [ app_begin ] --END-- [ RunTime:0.000414s ]
INFO: [ view_parse ] --START--
NOTIC: [2] file_get_contents(./Application/Home/View/footer.html): failed to open stream: No such file or directory /Users/hejiaxing/work/sjswaimai/ThinkPHP/Library/Think/Template.class.php 第 696 行.
INFO: [ template_filter ] --START--
INFO: Run Behavior\ContentReplaceBehavior [ RunTime:0.000069s ]
INFO: [ template_filter ] --END-- [ RunTime:0.000123s ]
NOTIC: [8] Use of undefined constant Index - assumed 'Index' /Users/hejiaxing/work/sjswaimai/Application/Runtime/Cache/Home/8def8c9ecaf6a13db7ef7bbd50fd9be3.php 第 21 行.
NOTIC: [8] Use of undefined constant index - assumed 'index' /Users/hejiaxing/work/sjswaimai/Application/Runtime/Cache/Home/8def8c9ecaf6a13db7ef7bbd50fd9be3.php 第 21 行.
NOTIC: [2] Division by zero /Users/hejiaxing/work/sjswaimai/Application/Runtime/Cache/Home/8def8c9ecaf6a13db7ef7bbd50fd9be3.php 第 21 行.
INFO: Run Behavior\ParseTemplateBehavior [ RunTime:0.006993s ]
INFO: [ view_parse ] --END-- [ RunTime:0.007054s ]
INFO: [ view_filter ] --START--
INFO: Run Behavior\WriteHtmlCacheBehavior [ RunTime:0.000197s ]
INFO: [ view_filter ] --END-- [ RunTime:0.000228s ]
INFO: [ app_end ] --START--
INFO: Run Behavior\ShowPageTraceBehavior [ RunTime:0.000435s ]
INFO: [ app_end ] --END-- [ RunTime:0.000476s ]

[ 2016-10-12T23:52:15+08:00 ] ::1 /sjswaimai/index.php/Home/User/checklog.html
INFO: [ app_init ] --START--
INFO: Run Behavior\BuildLiteBehavior [ RunTime:0.000011s ]
INFO: [ app_init ] --END-- [ RunTime:0.000238s ]
INFO: [ app_begin ] --START--
INFO: Run Behavior\ReadHtmlCacheBehavior [ RunTime:0.000298s ]
INFO: [ app_begin ] --END-- [ RunTime:0.000329s ]
SQL: SHOW COLUMNS FROM `tb_token` [ RunTime:0.0044s ]
SQL: SELECT * FROM `tb_token` WHERE `token` = 'c2d576290a4f793d76cb267dfd8c6108'  [ RunTime:0.0005s ]
SQL: SELECT * FROM `tb_token` WHERE `token` = 'c2d576290a4f793d76cb267dfd8c6108'  [ RunTime:0.0002s ]
SQL: SHOW COLUMNS FROM `tb_user` [ RunTime:0.0068s ]
SQL: SELECT * FROM `tb_user` WHERE `id` = 1  [ RunTime:0.0008s ]
INFO: [ app_end ] --START--
INFO: Run Behavior\ShowPageTraceBehavior [ RunTime:0.001002s ]
INFO: [ app_end ] --END-- [ RunTime:0.001846s ]

[ 2016-10-12T23:52:26+08:00 ] ::1 /sjswaimai/index.php/Home/User/order.html
INFO: [ app_init ] --START--
INFO: Run Behavior\BuildLiteBehavior [ RunTime:0.000008s ]
INFO: [ app_init ] --END-- [ RunTime:0.000211s ]
INFO: [ app_begin ] --START--
INFO: Run Behavior\ReadHtmlCacheBehavior [ RunTime:0.000263s ]
INFO: [ app_begin ] --END-- [ RunTime:0.000292s ]
INFO: [ view_parse ] --START--
NOTIC: [2] file_get_contents(./Application/Home/View/footer.html): failed to open stream: No such file or directory /Users/hejiaxing/work/sjswaimai/ThinkPHP/Library/Think/Template.class.php 第 696 行.
INFO: [ template_filter ] --START--
INFO: Run Behavior\ContentReplaceBehavior [ RunTime:0.000064s ]
INFO: [ template_filter ] --END-- [ RunTime:0.000104s ]
NOTIC: [8] Use of undefined constant Index - assumed 'Index' /Users/hejiaxing/work/sjswaimai/Application/Runtime/Cache/Home/8def8c9ecaf6a13db7ef7bbd50fd9be3.php 第 21 行.
NOTIC: [8] Use of undefined constant index - assumed 'index' /Users/hejiaxing/work/sjswaimai/Application/Runtime/Cache/Home/8def8c9ecaf6a13db7ef7bbd50fd9be3.php 第 21 行.
NOTIC: [2] Division by zero /Users/hejiaxing/work/sjswaimai/Application/Runtime/Cache/Home/8def8c9ecaf6a13db7ef7bbd50fd9be3.php 第 21 行.
INFO: Run Behavior\ParseTemplateBehavior [ RunTime:0.006647s ]
INFO: [ view_parse ] --END-- [ RunTime:0.006676s ]
INFO: [ view_filter ] --START--
INFO: Run Behavior\WriteHtmlCacheBehavior [ RunTime:0.000105s ]
INFO: [ view_filter ] --END-- [ RunTime:0.000127s ]
INFO: [ app_end ] --START--
INFO: Run Behavior\ShowPageTraceBehavior [ RunTime:0.000434s ]
INFO: [ app_end ] --END-- [ RunTime:0.000472s ]

[ 2016-10-12T23:52:26+08:00 ] ::1 /sjswaimai/index.php/Home/User/checklog.html
INFO: [ app_init ] --START--
INFO: Run Behavior\BuildLiteBehavior [ RunTime:0.000020s ]
INFO: [ app_init ] --END-- [ RunTime:0.000433s ]
INFO: [ app_begin ] --START--
INFO: Run Behavior\ReadHtmlCacheBehavior [ RunTime:0.000495s ]
INFO: [ app_begin ] --END-- [ RunTime:0.000548s ]
SQL: SHOW COLUMNS FROM `tb_token` [ RunTime:0.0063s ]
SQL: SELECT * FROM `tb_token` WHERE `token` = 'c2d576290a4f793d76cb267dfd8c6108'  [ RunTime:0.0003s ]
SQL: SELECT * FROM `tb_token` WHERE `token` = 'c2d576290a4f793d76cb267dfd8c6108'  [ RunTime:0.0004s ]
SQL: SHOW COLUMNS FROM `tb_user` [ RunTime:0.0061s ]
SQL: SELECT * FROM `tb_user` WHERE `id` = 1  [ RunTime:0.0003s ]
INFO: [ app_end ] --START--
INFO: Run Behavior\ShowPageTraceBehavior [ RunTime:0.000610s ]
INFO: [ app_end ] --END-- [ RunTime:0.000689s ]

[ 2016-10-12T23:52:28+08:00 ] ::1 /sjswaimai/index.php/Home/User/order.html
INFO: [ app_init ] --START--
INFO: Run Behavior\BuildLiteBehavior [ RunTime:0.000018s ]
INFO: [ app_init ] --END-- [ RunTime:0.000427s ]
INFO: [ app_begin ] --START--
INFO: Run Behavior\ReadHtmlCacheBehavior [ RunTime:0.000536s ]
INFO: [ app_begin ] --END-- [ RunTime:0.000598s ]
INFO: [ view_parse ] --START--
NOTIC: [2] file_get_contents(./Application/Home/View/footer.html): failed to open stream: No such file or directory /Users/hejiaxing/work/sjswaimai/ThinkPHP/Library/Think/Template.class.php 第 696 行.
INFO: [ template_filter ] --START--
INFO: Run Behavior\ContentReplaceBehavior [ RunTime:0.000114s ]
INFO: [ template_filter ] --END-- [ RunTime:0.000190s ]
NOTIC: [8] Use of undefined constant Index - assumed 'Index' /Users/hejiaxing/work/sjswaimai/Application/Runtime/Cache/Home/8def8c9ecaf6a13db7ef7bbd50fd9be3.php 第 21 行.
NOTIC: [8] Use of undefined constant index - assumed 'index' /Users/hejiaxing/work/sjswaimai/Application/Runtime/Cache/Home/8def8c9ecaf6a13db7ef7bbd50fd9be3.php 第 21 行.
NOTIC: [2] Division by zero /Users/hejiaxing/work/sjswaimai/Application/Runtime/Cache/Home/8def8c9ecaf6a13db7ef7bbd50fd9be3.php 第 21 行.
INFO: Run Behavior\ParseTemplateBehavior [ RunTime:0.011499s ]
INFO: [ view_parse ] --END-- [ RunTime:0.011557s ]
INFO: [ view_filter ] --START--
INFO: Run Behavior\WriteHtmlCacheBehavior [ RunTime:0.000208s ]
INFO: [ view_filter ] --END-- [ RunTime:0.000254s ]
INFO: [ app_end ] --START--
INFO: Run Behavior\ShowPageTraceBehavior [ RunTime:0.000855s ]
INFO: [ app_end ] --END-- [ RunTime:0.000943s ]

[ 2016-10-12T23:52:28+08:00 ] ::1 /sjswaimai/index.php/Home/User/checklog.html
INFO: [ app_init ] --START--
INFO: Run Behavior\BuildLiteBehavior [ RunTime:0.000015s ]
INFO: [ app_init ] --END-- [ RunTime:0.000313s ]
INFO: [ app_begin ] --START--
INFO: Run Behavior\ReadHtmlCacheBehavior [ RunTime:0.000322s ]
INFO: [ app_begin ] --END-- [ RunTime:0.000357s ]
SQL: SHOW COLUMNS FROM `tb_token` [ RunTime:0.0037s ]
SQL: SELECT * FROM `tb_token` WHERE `token` = 'c2d576290a4f793d76cb267dfd8c6108'  [ RunTime:0.0003s ]
SQL: SELECT * FROM `tb_token` WHERE `token` = 'c2d576290a4f793d76cb267dfd8c6108'  [ RunTime:0.0003s ]
SQL: SHOW COLUMNS FROM `tb_user` [ RunTime:0.0040s ]
SQL: SELECT * FROM `tb_user` WHERE `id` = 1  [ RunTime:0.0004s ]
INFO: [ app_end ] --START--
INFO: Run Behavior\ShowPageTraceBehavior [ RunTime:0.000752s ]
INFO: [ app_end ] --END-- [ RunTime:0.000850s ]

[ 2016-10-12T23:52:31+08:00 ] ::1 /sjswaimai/index.php/Home/User/order.html
INFO: [ app_init ] --START--
INFO: Run Behavior\BuildLiteBehavior [ RunTime:0.000010s ]
INFO: [ app_init ] --END-- [ RunTime:0.000263s ]
INFO: [ app_begin ] --START--
INFO: Run Behavior\ReadHtmlCacheBehavior [ RunTime:0.000272s ]
INFO: [ app_begin ] --END-- [ RunTime:0.000301s ]
INFO: [ view_parse ] --START--
NOTIC: [2] file_get_contents(./Application/Home/View/footer.html): failed to open stream: No such file or directory /Users/hejiaxing/work/sjswaimai/ThinkPHP/Library/Think/Template.class.php 第 696 行.
INFO: [ template_filter ] --START--
INFO: Run Behavior\ContentReplaceBehavior [ RunTime:0.000049s ]
INFO: [ template_filter ] --END-- [ RunTime:0.000089s ]
NOTIC: [8] Use of undefined constant Index - assumed 'Index' /Users/hejiaxing/work/sjswaimai/Application/Runtime/Cache/Home/8def8c9ecaf6a13db7ef7bbd50fd9be3.php 第 21 行.
NOTIC: [8] Use of undefined constant index - assumed 'index' /Users/hejiaxing/work/sjswaimai/Application/Runtime/Cache/Home/8def8c9ecaf6a13db7ef7bbd50fd9be3.php 第 21 行.
NOTIC: [2] Division by zero /Users/hejiaxing/work/sjswaimai/Application/Runtime/Cache/Home/8def8c9ecaf6a13db7ef7bbd50fd9be3.php 第 21 行.
INFO: Run Behavior\ParseTemplateBehavior [ RunTime:0.005362s ]
INFO: [ view_parse ] --END-- [ RunTime:0.005389s ]
INFO: [ view_filter ] --START--
INFO: Run Behavior\WriteHtmlCacheBehavior [ RunTime:0.000100s ]
INFO: [ view_filter ] --END-- [ RunTime:0.000123s ]
INFO: [ app_end ] --START--
INFO: Run Behavior\ShowPageTraceBehavior [ RunTime:0.000395s ]
INFO: [ app_end ] --END-- [ RunTime:0.000435s ]

[ 2016-10-12T23:52:31+08:00 ] ::1 /sjswaimai/index.php/Home/User/checklog.html
INFO: [ app_init ] --START--
INFO: Run Behavior\BuildLiteBehavior [ RunTime:0.000016s ]
INFO: [ app_init ] --END-- [ RunTime:0.000262s ]
INFO: [ app_begin ] --START--
INFO: Run Behavior\ReadHtmlCacheBehavior [ RunTime:0.000596s ]
INFO: [ app_begin ] --END-- [ RunTime:0.000659s ]
SQL: SHOW COLUMNS FROM `tb_token` [ RunTime:0.0033s ]
SQL: SELECT * FROM `tb_token` WHERE `token` = 'c2d576290a4f793d76cb267dfd8c6108'  [ RunTime:0.0002s ]
SQL: SELECT * FROM `tb_token` WHERE `token` = 'c2d576290a4f793d76cb267dfd8c6108'  [ RunTime:0.0004s ]
SQL: SHOW COLUMNS FROM `tb_user` [ RunTime:0.0070s ]
SQL: SELECT * FROM `tb_user` WHERE `id` = 1  [ RunTime:0.0007s ]
INFO: [ app_end ] --START--
INFO: Run Behavior\ShowPageTraceBehavior [ RunTime:0.000619s ]
INFO: [ app_end ] --END-- [ RunTime:0.000699s ]

[ 2016-10-12T23:52:34+08:00 ] ::1 /sjswaimai/index.php/Home/Index/index.html
INFO: [ app_init ] --START--
INFO: Run Behavior\BuildLiteBehavior [ RunTime:0.000009s ]
INFO: [ app_init ] --END-- [ RunTime:0.000203s ]
INFO: [ app_begin ] --START--
INFO: Run Behavior\ReadHtmlCacheBehavior [ RunTime:0.000259s ]
INFO: [ app_begin ] --END-- [ RunTime:0.000288s ]
INFO: [ view_parse ] --START--
NOTIC: [2] file_get_contents(./Application/Home/View/footer.html): failed to open stream: No such file or directory /Users/hejiaxing/work/sjswaimai/ThinkPHP/Library/Think/Template.class.php 第 696 行.
INFO: [ template_filter ] --START--
INFO: Run Behavior\ContentReplaceBehavior [ RunTime:0.000192s ]
INFO: [ template_filter ] --END-- [ RunTime:0.000237s ]
NOTIC: [8] Use of undefined constant Index - assumed 'Index' /Users/hejiaxing/work/sjswaimai/Application/Runtime/Cache/Home/2a94b8bda04ff446dcedd42276fc99ee.php 第 21 行.
NOTIC: [8] Use of undefined constant index - assumed 'index' /Users/hejiaxing/work/sjswaimai/Application/Runtime/Cache/Home/2a94b8bda04ff446dcedd42276fc99ee.php 第 21 行.
NOTIC: [2] Division by zero /Users/hejiaxing/work/sjswaimai/Application/Runtime/Cache/Home/2a94b8bda04ff446dcedd42276fc99ee.php 第 21 行.
INFO: Run Behavior\ParseTemplateBehavior [ RunTime:0.014444s ]
INFO: [ view_parse ] --END-- [ RunTime:0.014473s ]
INFO: [ view_filter ] --START--
INFO: Run Behavior\WriteHtmlCacheBehavior [ RunTime:0.000119s ]
INFO: [ view_filter ] --END-- [ RunTime:0.000143s ]
INFO: [ app_end ] --START--
INFO: Run Behavior\ShowPageTraceBehavior [ RunTime:0.000477s ]
INFO: [ app_end ] --END-- [ RunTime:0.000520s ]

[ 2016-10-12T23:52:34+08:00 ] ::1 /sjswaimai/index.php/Home/User/checklog.html
INFO: [ app_init ] --START--
INFO: Run Behavior\BuildLiteBehavior [ RunTime:0.000020s ]
INFO: [ app_init ] --END-- [ RunTime:0.000472s ]
INFO: [ app_begin ] --START--
INFO: Run Behavior\ReadHtmlCacheBehavior [ RunTime:0.000655s ]
INFO: [ app_begin ] --END-- [ RunTime:0.000739s ]
SQL: SHOW COLUMNS FROM `tb_token` [ RunTime:0.0068s ]
SQL: SELECT * FROM `tb_token` WHERE `token` = 'c2d576290a4f793d76cb267dfd8c6108'  [ RunTime:0.0004s ]
SQL: SELECT * FROM `tb_token` WHERE `token` = 'c2d576290a4f793d76cb267dfd8c6108'  [ RunTime:0.0004s ]
SQL: SHOW COLUMNS FROM `tb_user` [ RunTime:0.0070s ]
SQL: SELECT * FROM `tb_user` WHERE `id` = 1  [ RunTime:0.0004s ]
INFO: [ app_end ] --START--
INFO: Run Behavior\ShowPageTraceBehavior [ RunTime:0.000519s ]
INFO: [ app_end ] --END-- [ RunTime:0.000584s ]

[ 2016-10-12T23:52:37+08:00 ] ::1 /sjswaimai/index.php/Home/Index/index.html
INFO: [ app_init ] --START--
INFO: Run Behavior\BuildLiteBehavior [ RunTime:0.000014s ]
INFO: [ app_init ] --END-- [ RunTime:0.000306s ]
INFO: [ app_begin ] --START--
INFO: Run Behavior\ReadHtmlCacheBehavior [ RunTime:0.000438s ]
INFO: [ app_begin ] --END-- [ RunTime:0.000509s ]
INFO: [ view_parse ] --START--
NOTIC: [2] file_get_contents(./Application/Home/View/footer.html): failed to open stream: No such file or directory /Users/hejiaxing/work/sjswaimai/ThinkPHP/Library/Think/Template.class.php 第 696 行.
INFO: [ template_filter ] --START--
INFO: Run Behavior\ContentReplaceBehavior [ RunTime:0.000155s ]
INFO: [ template_filter ] --END-- [ RunTime:0.000282s ]
NOTIC: [8] Use of undefined constant Index - assumed 'Index' /Users/hejiaxing/work/sjswaimai/Application/Runtime/Cache/Home/2a94b8bda04ff446dcedd42276fc99ee.php 第 21 行.
NOTIC: [8] Use of undefined constant index - assumed 'index' /Users/hejiaxing/work/sjswaimai/Application/Runtime/Cache/Home/2a94b8bda04ff446dcedd42276fc99ee.php 第 21 行.
NOTIC: [2] Division by zero /Users/hejiaxing/work/sjswaimai/Application/Runtime/Cache/Home/2a94b8bda04ff446dcedd42276fc99ee.php 第 21 行.
INFO: Run Behavior\ParseTemplateBehavior [ RunTime:0.016419s ]
INFO: [ view_parse ] --END-- [ RunTime:0.016453s ]
INFO: [ view_filter ] --START--
INFO: Run Behavior\WriteHtmlCacheBehavior [ RunTime:0.000136s ]
INFO: [ view_filter ] --END-- [ RunTime:0.000160s ]
INFO: [ app_end ] --START--
INFO: Run Behavior\ShowPageTraceBehavior [ RunTime:0.000449s ]
INFO: [ app_end ] --END-- [ RunTime:0.000495s ]

[ 2016-10-12T23:52:37+08:00 ] ::1 /sjswaimai/index.php/Home/User/checklog.html
INFO: [ app_init ] --START--
INFO: Run Behavior\BuildLiteBehavior [ RunTime:0.000012s ]
INFO: [ app_init ] --END-- [ RunTime:0.000268s ]
INFO: [ app_begin ] --START--
INFO: Run Behavior\ReadHtmlCacheBehavior [ RunTime:0.000378s ]
INFO: [ app_begin ] --END-- [ RunTime:0.000429s ]
SQL: SHOW COLUMNS FROM `tb_token` [ RunTime:0.0058s ]
SQL: SELECT * FROM `tb_token` WHERE `token` = 'c2d576290a4f793d76cb267dfd8c6108'  [ RunTime:0.0019s ]
SQL: SELECT * FROM `tb_token` WHERE `token` = 'c2d576290a4f793d76cb267dfd8c6108'  [ RunTime:0.0009s ]
SQL: SHOW COLUMNS FROM `tb_user` [ RunTime:0.0066s ]
SQL: SELECT * FROM `tb_user` WHERE `id` = 1  [ RunTime:0.0003s ]
INFO: [ app_end ] --START--
INFO: Run Behavior\ShowPageTraceBehavior [ RunTime:0.000412s ]
INFO: [ app_end ] --END-- [ RunTime:0.000457s ]

[ 2016-10-12T23:52:39+08:00 ] ::1 /sjswaimai/index.php/Home/User/order.html
INFO: [ app_init ] --START--
INFO: Run Behavior\BuildLiteBehavior [ RunTime:0.000014s ]
INFO: [ app_init ] --END-- [ RunTime:0.000339s ]
INFO: [ app_begin ] --START--
INFO: Run Behavior\ReadHtmlCacheBehavior [ RunTime:0.000429s ]
INFO: [ app_begin ] --END-- [ RunTime:0.000478s ]
INFO: [ view_parse ] --START--
NOTIC: [2] file_get_contents(./Application/Home/View/footer.html): failed to open stream: No such file or directory /Users/hejiaxing/work/sjswaimai/ThinkPHP/Library/Think/Template.class.php 第 696 行.
INFO: [ template_filter ] --START--
INFO: Run Behavior\ContentReplaceBehavior [ RunTime:0.000050s ]
INFO: [ template_filter ] --END-- [ RunTime:0.000089s ]
NOTIC: [8] Use of undefined constant Index - assumed 'Index' /Users/hejiaxing/work/sjswaimai/Application/Runtime/Cache/Home/8def8c9ecaf6a13db7ef7bbd50fd9be3.php 第 21 行.
NOTIC: [8] Use of undefined constant index - assumed 'index' /Users/hejiaxing/work/sjswaimai/Application/Runtime/Cache/Home/8def8c9ecaf6a13db7ef7bbd50fd9be3.php 第 21 行.
NOTIC: [2] Division by zero /Users/hejiaxing/work/sjswaimai/Application/Runtime/Cache/Home/8def8c9ecaf6a13db7ef7bbd50fd9be3.php 第 21 行.
INFO: Run Behavior\ParseTemplateBehavior [ RunTime:0.007207s ]
INFO: [ view_parse ] --END-- [ RunTime:0.007244s ]
INFO: [ view_filter ] --START--
INFO: Run Behavior\WriteHtmlCacheBehavior [ RunTime:0.000107s ]
INFO: [ view_filter ] --END-- [ RunTime:0.000130s ]
INFO: [ app_end ] --START--
INFO: Run Behavior\ShowPageTraceBehavior [ RunTime:0.000427s ]
INFO: [ app_end ] --END-- [ RunTime:0.000471s ]

[ 2016-10-12T23:52:39+08:00 ] ::1 /sjswaimai/index.php/Home/User/checklog.html
INFO: [ app_init ] --START--
INFO: Run Behavior\BuildLiteBehavior [ RunTime:0.000012s ]
INFO: [ app_init ] --END-- [ RunTime:0.000238s ]
INFO: [ app_begin ] --START--
INFO: Run Behavior\ReadHtmlCacheBehavior [ RunTime:0.000315s ]
INFO: [ app_begin ] --END-- [ RunTime:0.000356s ]
SQL: SHOW COLUMNS FROM `tb_token` [ RunTime:0.0030s ]
SQL: SELECT * FROM `tb_token` WHERE `token` = 'c2d576290a4f793d76cb267dfd8c6108'  [ RunTime:0.0002s ]
SQL: SELECT * FROM `tb_token` WHERE `token` = 'c2d576290a4f793d76cb267dfd8c6108'  [ RunTime:0.0002s ]
SQL: SHOW COLUMNS FROM `tb_user` [ RunTime:0.0048s ]
SQL: SELECT * FROM `tb_user` WHERE `id` = 1  [ RunTime:0.0015s ]
INFO: [ app_end ] --START--
INFO: Run Behavior\ShowPageTraceBehavior [ RunTime:0.000710s ]
INFO: [ app_end ] --END-- [ RunTime:0.000784s ]

[ 2016-10-12T23:52:41+08:00 ] ::1 /sjswaimai/index.php/Home/User/address.html
INFO: [ app_init ] --START--
INFO: Run Behavior\BuildLiteBehavior [ RunTime:0.000012s ]
INFO: [ app_init ] --END-- [ RunTime:0.000308s ]
INFO: [ app_begin ] --START--
INFO: Run Behavior\ReadHtmlCacheBehavior [ RunTime:0.000315s ]
INFO: [ app_begin ] --END-- [ RunTime:0.000347s ]
SQL: SHOW COLUMNS FROM `tb_address` [ RunTime:0.0030s ]
SQL: SELECT * FROM `tb_address`  [ RunTime:0.0002s ]
INFO: [ view_parse ] --START--
NOTIC: [2] file_get_contents(./Application/Home/View/footer.html): failed to open stream: No such file or directory /Users/hejiaxing/work/sjswaimai/ThinkPHP/Library/Think/Template.class.php 第 696 行.
INFO: [ template_filter ] --START--
INFO: Run Behavior\ContentReplaceBehavior [ RunTime:0.000062s ]
INFO: [ template_filter ] --END-- [ RunTime:0.000093s ]
NOTIC: [8] Use of undefined constant Index - assumed 'Index' /Users/hejiaxing/work/sjswaimai/Application/Runtime/Cache/Home/91ff2879d03c8adb319575e54346df8a.php 第 21 行.
NOTIC: [8] Use of undefined constant index - assumed 'index' /Users/hejiaxing/work/sjswaimai/Application/Runtime/Cache/Home/91ff2879d03c8adb319575e54346df8a.php 第 21 行.
NOTIC: [2] Division by zero /Users/hejiaxing/work/sjswaimai/Application/Runtime/Cache/Home/91ff2879d03c8adb319575e54346df8a.php 第 21 行.
INFO: Run Behavior\ParseTemplateBehavior [ RunTime:0.007095s ]
INFO: [ view_parse ] --END-- [ RunTime:0.007131s ]
INFO: [ view_filter ] --START--
INFO: Run Behavior\WriteHtmlCacheBehavior [ RunTime:0.000108s ]
INFO: [ view_filter ] --END-- [ RunTime:0.000130s ]
INFO: [ app_end ] --START--
INFO: Run Behavior\ShowPageTraceBehavior [ RunTime:0.000603s ]
INFO: [ app_end ] --END-- [ RunTime:0.000655s ]

[ 2016-10-12T23:52:42+08:00 ] ::1 /sjswaimai/index.php/Home/User/checklog.html
INFO: [ app_init ] --START--
INFO: Run Behavior\BuildLiteBehavior [ RunTime:0.000011s ]
INFO: [ app_init ] --END-- [ RunTime:0.000236s ]
INFO: [ app_begin ] --START--
INFO: Run Behavior\ReadHtmlCacheBehavior [ RunTime:0.000292s ]
INFO: [ app_begin ] --END-- [ RunTime:0.000325s ]
SQL: SHOW COLUMNS FROM `tb_token` [ RunTime:0.0028s ]
SQL: SELECT * FROM `tb_token` WHERE `token` = 'c2d576290a4f793d76cb267dfd8c6108'  [ RunTime:0.0002s ]
SQL: SELECT * FROM `tb_token` WHERE `token` = 'c2d576290a4f793d76cb267dfd8c6108'  [ RunTime:0.0002s ]
SQL: SHOW COLUMNS FROM `tb_user` [ RunTime:0.0034s ]
SQL: SELECT * FROM `tb_user` WHERE `id` = 1  [ RunTime:0.0016s ]
INFO: [ app_end ] --START--
INFO: Run Behavior\ShowPageTraceBehavior [ RunTime:0.001303s ]
INFO: [ app_end ] --END-- [ RunTime:0.001380s ]

[ 2016-10-12T23:52:44+08:00 ] ::1 /sjswaimai/index.php/Home/User/count.html
INFO: [ app_init ] --START--
INFO: Run Behavior\BuildLiteBehavior [ RunTime:0.000011s ]
INFO: [ app_init ] --END-- [ RunTime:0.000321s ]
INFO: [ app_begin ] --START--
INFO: Run Behavior\ReadHtmlCacheBehavior [ RunTime:0.000269s ]
INFO: [ app_begin ] --END-- [ RunTime:0.000298s ]
INFO: [ view_parse ] --START--
NOTIC: [2] file_get_contents(./Application/Home/View/footer.html): failed to open stream: No such file or directory /Users/hejiaxing/work/sjswaimai/ThinkPHP/Library/Think/Template.class.php 第 696 行.
INFO: [ template_filter ] --START--
INFO: Run Behavior\ContentReplaceBehavior [ RunTime:0.000050s ]
INFO: [ template_filter ] --END-- [ RunTime:0.000092s ]
NOTIC: [8] Use of undefined constant Index - assumed 'Index' /Users/hejiaxing/work/sjswaimai/Application/Runtime/Cache/Home/11a61c3fbd8a823a294752d80440e309.php 第 21 行.
NOTIC: [8] Use of undefined constant index - assumed 'index' /Users/hejiaxing/work/sjswaimai/Application/Runtime/Cache/Home/11a61c3fbd8a823a294752d80440e309.php 第 21 行.
NOTIC: [2] Division by zero /Users/hejiaxing/work/sjswaimai/Application/Runtime/Cache/Home/11a61c3fbd8a823a294752d80440e309.php 第 21 行.
INFO: Run Behavior\ParseTemplateBehavior [ RunTime:0.007676s ]
INFO: [ view_parse ] --END-- [ RunTime:0.007706s ]
INFO: [ view_filter ] --START--
INFO: Run Behavior\WriteHtmlCacheBehavior [ RunTime:0.000106s ]
INFO: [ view_filter ] --END-- [ RunTime:0.000129s ]
INFO: [ app_end ] --START--
INFO: Run Behavior\ShowPageTraceBehavior [ RunTime:0.000468s ]
INFO: [ app_end ] --END-- [ RunTime:0.000521s ]

[ 2016-10-12T23:52:44+08:00 ] ::1 /sjswaimai/index.php/Home/User/checklog.html
INFO: [ app_init ] --START--
INFO: Run Behavior\BuildLiteBehavior [ RunTime:0.000018s ]
INFO: [ app_init ] --END-- [ RunTime:0.000424s ]
INFO: [ app_begin ] --START--
INFO: Run Behavior\ReadHtmlCacheBehavior [ RunTime:0.000510s ]
INFO: [ app_begin ] --END-- [ RunTime:0.001151s ]
SQL: SHOW COLUMNS FROM `tb_token` [ RunTime:0.0066s ]
SQL: SELECT * FROM `tb_token` WHERE `token` = 'c2d576290a4f793d76cb267dfd8c6108'  [ RunTime:0.0013s ]
SQL: SELECT * FROM `tb_token` WHERE `token` = 'c2d576290a4f793d76cb267dfd8c6108'  [ RunTime:0.0012s ]
SQL: SHOW COLUMNS FROM `tb_user` [ RunTime:0.0030s ]
SQL: SELECT * FROM `tb_user` WHERE `id` = 1  [ RunTime:0.0002s ]
INFO: [ app_end ] --START--
INFO: Run Behavior\ShowPageTraceBehavior [ RunTime:0.000518s ]
INFO: [ app_end ] --END-- [ RunTime:0.000565s ]

